android/app/build/intermediates/manifest_merge_blame_file/debug/processDebugMainManifest/manifest-merger-blame-debug-report.txt
1<?xml version="1.0" encoding="utf-8"?>
2<manifest xmlns:android="http://schemas.android.com/apk/res/android"
3    package="com.luis54467hh.mototaxis"
4    android:versionCode="1"
5    android:versionName="1.0.0" >
6
7    <uses-sdk
8        android:minSdkVersion="24"
9        android:targetSdkVersion="35" />
10
11    <uses-permission android:name="android.permission.SYSTEM_ALERT_WINDOW" />
11-->src/main/AndroidManifest.xml:6:3-75
11-->src/main/AndroidManifest.xml:6:20-73
12    <uses-permission android:name="android.permission.ACCESS_COARSE_LOCATION" />
12-->src/main/AndroidManifest.xml:2:3-78
12-->src/main/AndroidManifest.xml:2:20-76
13    <uses-permission android:name="android.permission.ACCESS_FINE_LOCATION" />
13-->src/main/AndroidManifest.xml:3:3-76
13-->src/main/AndroidManifest.xml:3:20-74
14    <uses-permission android:name="android.permission.INTERNET" />
14-->src/main/AndroidManifest.xml:4:3-64
14-->src/main/AndroidManifest.xml:4:20-62
15    <uses-permission
15-->src/main/AndroidManifest.xml:5:3-77
16        android:name="android.permission.READ_EXTERNAL_STORAGE"
16-->src/main/AndroidManifest.xml:5:20-75
17        android:maxSdkVersion="32" />
17-->[BareExpo:expo.modules.image:2.4.0] AndroidManifest.xml:17:9-35
18    <uses-permission android:name="android.permission.VIBRATE" />
18-->src/main/AndroidManifest.xml:7:3-63
18-->src/main/AndroidManifest.xml:7:20-61
19    <uses-permission android:name="android.permission.WRITE_EXTERNAL_STORAGE" />
19-->src/main/AndroidManifest.xml:8:3-78
19-->src/main/AndroidManifest.xml:8:20-76
20
21    <queries>
21-->src/main/AndroidManifest.xml:9:3-15:13
22        <intent>
22-->src/main/AndroidManifest.xml:10:5-14:14
23            <action android:name="android.intent.action.VIEW" />
23-->src/main/AndroidManifest.xml:11:7-58
23-->src/main/AndroidManifest.xml:11:15-56
24
25            <category android:name="android.intent.category.BROWSABLE" />
25-->src/main/AndroidManifest.xml:12:7-67
25-->src/main/AndroidManifest.xml:12:17-65
26
27            <data android:scheme="https" />
27-->src/main/AndroidManifest.xml:13:7-37
27-->src/main/AndroidManifest.xml:13:13-35
28        </intent>
29        <!-- Needs to be explicitly declared on Android R+ -->
30        <package android:name="com.google.android.apps.maps" />
30-->[com.google.android.gms:play-services-maps:18.2.0] AndroidManifest.xml:33:9-64
30-->[com.google.android.gms:play-services-maps:18.2.0] AndroidManifest.xml:33:18-61
31    </queries>
32    <!--
33  Allows Glide to monitor connectivity status and restart failed requests if users go from a
34  a disconnected to a connected network state.
35    -->
36    <uses-permission android:name="android.permission.ACCESS_NETWORK_STATE" />
36-->[BareExpo:expo.modules.image:2.4.0] AndroidManifest.xml:12:5-79
36-->[BareExpo:expo.modules.image:2.4.0] AndroidManifest.xml:12:22-76
37
38    <uses-feature
38-->[com.google.android.gms:play-services-maps:18.2.0] AndroidManifest.xml:26:5-28:35
39        android:glEsVersion="0x00020000"
39-->[com.google.android.gms:play-services-maps:18.2.0] AndroidManifest.xml:27:9-41
40        android:required="true" />
40-->[com.google.android.gms:play-services-maps:18.2.0] AndroidManifest.xml:28:9-32
41
42    <uses-permission android:name="android.permission.WAKE_LOCK" />
42-->[androidx.work:work-runtime:2.7.1] AndroidManifest.xml:25:5-68
42-->[androidx.work:work-runtime:2.7.1] AndroidManifest.xml:25:22-65
43    <uses-permission android:name="android.permission.RECEIVE_BOOT_COMPLETED" />
43-->[androidx.work:work-runtime:2.7.1] AndroidManifest.xml:27:5-81
43-->[androidx.work:work-runtime:2.7.1] AndroidManifest.xml:27:22-78
44    <uses-permission android:name="android.permission.FOREGROUND_SERVICE" />
44-->[androidx.work:work-runtime:2.7.1] AndroidManifest.xml:28:5-77
44-->[androidx.work:work-runtime:2.7.1] AndroidManifest.xml:28:22-74
45
46    <permission
46-->[androidx.core:core:1.13.1] AndroidManifest.xml:22:5-24:47
47        android:name="com.luis54467hh.mototaxis.DYNAMIC_RECEIVER_NOT_EXPORTED_PERMISSION"
47-->[androidx.core:core:1.13.1] AndroidManifest.xml:23:9-81
48        android:protectionLevel="signature" />
48-->[androidx.core:core:1.13.1] AndroidManifest.xml:24:9-44
49
50    <uses-permission android:name="com.luis54467hh.mototaxis.DYNAMIC_RECEIVER_NOT_EXPORTED_PERMISSION" />
50-->[androidx.core:core:1.13.1] AndroidManifest.xml:26:5-97
50-->[androidx.core:core:1.13.1] AndroidManifest.xml:26:22-94
51
52    <application
52-->src/main/AndroidManifest.xml:16:3-29:17
53        android:name="com.luis54467hh.mototaxis.MainApplication"
53-->src/main/AndroidManifest.xml:16:16-47
54        android:allowBackup="true"
54-->src/main/AndroidManifest.xml:16:162-188
55        android:appComponentFactory="androidx.core.app.CoreComponentFactory"
55-->[androidx.core:core:1.13.1] AndroidManifest.xml:28:18-86
56        android:debuggable="true"
57        android:extractNativeLibs="false"
58        android:icon="@mipmap/ic_launcher"
58-->src/main/AndroidManifest.xml:16:81-115
59        android:label="@string/app_name"
59-->src/main/AndroidManifest.xml:16:48-80
60        android:roundIcon="@mipmap/ic_launcher_round"
60-->src/main/AndroidManifest.xml:16:116-161
61        android:supportsRtl="true"
61-->src/main/AndroidManifest.xml:16:221-247
62        android:theme="@style/AppTheme"
62-->src/main/AndroidManifest.xml:16:189-220
63        android:usesCleartextTraffic="true" >
63-->src/debug/AndroidManifest.xml:6:18-53
64        <meta-data
64-->src/main/AndroidManifest.xml:17:5-83
65            android:name="expo.modules.updates.ENABLED"
65-->src/main/AndroidManifest.xml:17:16-59
66            android:value="false" />
66-->src/main/AndroidManifest.xml:17:60-81
67        <meta-data
67-->src/main/AndroidManifest.xml:18:5-105
68            android:name="expo.modules.updates.EXPO_UPDATES_CHECK_ON_LAUNCH"
68-->src/main/AndroidManifest.xml:18:16-80
69            android:value="ALWAYS" />
69-->src/main/AndroidManifest.xml:18:81-103
70        <meta-data
70-->src/main/AndroidManifest.xml:19:5-99
71            android:name="expo.modules.updates.EXPO_UPDATES_LAUNCH_WAIT_MS"
71-->src/main/AndroidManifest.xml:19:16-79
72            android:value="0" />
72-->src/main/AndroidManifest.xml:19:80-97
73        <meta-data
73-->src/main/AndroidManifest.xml:20:5-22:63
74            android:name="com.google.android.geo.API_KEY"
74-->src/main/AndroidManifest.xml:21:6-51
75            android:value="AIzaSyDIrpCNK96weWpWYmOxt87rDjlPw2_z9mk" />
75-->src/main/AndroidManifest.xml:22:6-61
76
77        <activity
77-->src/main/AndroidManifest.xml:23:5-28:16
78            android:name="com.luis54467hh.mototaxis.MainActivity"
78-->src/main/AndroidManifest.xml:23:15-43
79            android:configChanges="keyboard|keyboardHidden|orientation|screenSize|screenLayout|uiMode"
79-->src/main/AndroidManifest.xml:23:44-134
80            android:exported="true"
80-->src/main/AndroidManifest.xml:23:256-279
81            android:launchMode="singleTask"
81-->src/main/AndroidManifest.xml:23:135-166
82            android:screenOrientation="portrait"
82-->src/main/AndroidManifest.xml:23:280-316
83            android:theme="@style/Theme.App.SplashScreen"
83-->src/main/AndroidManifest.xml:23:210-255
84            android:windowSoftInputMode="adjustResize" >
84-->src/main/AndroidManifest.xml:23:167-209
85            <intent-filter>
85-->src/main/AndroidManifest.xml:24:7-27:23
86                <action android:name="android.intent.action.MAIN" />
86-->src/main/AndroidManifest.xml:25:9-60
86-->src/main/AndroidManifest.xml:25:17-58
87
88                <category android:name="android.intent.category.LAUNCHER" />
88-->src/main/AndroidManifest.xml:26:9-68
88-->src/main/AndroidManifest.xml:26:19-66
89            </intent-filter>
90        </activity>
91
92        <meta-data
92-->[:expo-modules-core] AndroidManifest.xml:9:9-11:89
93            android:name="org.unimodules.core.AppLoader#react-native-headless"
93-->[:expo-modules-core] AndroidManifest.xml:10:13-79
94            android:value="expo.modules.adapters.react.apploader.RNHeadlessAppLoader" />
94-->[:expo-modules-core] AndroidManifest.xml:11:13-86
95        <meta-data
95-->[:expo-modules-core] AndroidManifest.xml:12:9-15:45
96            android:name="com.facebook.soloader.enabled"
96-->[:expo-modules-core] AndroidManifest.xml:13:13-57
97            android:value="true" />
97-->[:expo-modules-core] AndroidManifest.xml:14:13-33
98
99        <activity
99-->[com.facebook.react:react-android:0.79.6] AndroidManifest.xml:19:9-21:40
100            android:name="com.facebook.react.devsupport.DevSettingsActivity"
100-->[com.facebook.react:react-android:0.79.6] AndroidManifest.xml:20:13-77
101            android:exported="false" />
101-->[com.facebook.react:react-android:0.79.6] AndroidManifest.xml:21:13-37
102
103        <service
103-->[host.exp.exponent:expo.modules.location:18.1.6] AndroidManifest.xml:11:9-14:56
104            android:name="expo.modules.location.services.LocationTaskService"
104-->[host.exp.exponent:expo.modules.location:18.1.6] AndroidManifest.xml:12:13-78
105            android:exported="false"
105-->[host.exp.exponent:expo.modules.location:18.1.6] AndroidManifest.xml:13:13-37
106            android:foregroundServiceType="location" />
106-->[host.exp.exponent:expo.modules.location:18.1.6] AndroidManifest.xml:14:13-53
107
108        <meta-data
108-->[com.google.maps.android:android-maps-utils:3.8.2] AndroidManifest.xml:8:9-10:69
109            android:name="com.google.android.gms.version"
109-->[com.google.maps.android:android-maps-utils:3.8.2] AndroidManifest.xml:9:13-58
110            android:value="@integer/google_play_services_version" /> <!-- Needs to be explicitly declared on P+ -->
110-->[com.google.maps.android:android-maps-utils:3.8.2] AndroidManifest.xml:10:13-66
111        <uses-library
111-->[com.google.android.gms:play-services-maps:18.2.0] AndroidManifest.xml:39:9-41:40
112            android:name="org.apache.http.legacy"
112-->[com.google.android.gms:play-services-maps:18.2.0] AndroidManifest.xml:40:13-50
113            android:required="false" />
113-->[com.google.android.gms:play-services-maps:18.2.0] AndroidManifest.xml:41:13-37
114
115        <activity
115-->[com.google.android.gms:play-services-base:18.2.0] AndroidManifest.xml:20:9-22:45
116            android:name="com.google.android.gms.common.api.GoogleApiActivity"
116-->[com.google.android.gms:play-services-base:18.2.0] AndroidManifest.xml:20:19-85
117            android:exported="false"
117-->[com.google.android.gms:play-services-base:18.2.0] AndroidManifest.xml:22:19-43
118            android:theme="@android:style/Theme.Translucent.NoTitleBar" />
118-->[com.google.android.gms:play-services-base:18.2.0] AndroidManifest.xml:21:19-78
119
120        <meta-data
120-->[com.github.bumptech.glide:okhttp3-integration:4.11.0] AndroidManifest.xml:11:9-13:43
121            android:name="com.bumptech.glide.integration.okhttp3.OkHttpGlideModule"
121-->[com.github.bumptech.glide:okhttp3-integration:4.11.0] AndroidManifest.xml:12:13-84
122            android:value="GlideModule" />
122-->[com.github.bumptech.glide:okhttp3-integration:4.11.0] AndroidManifest.xml:13:13-40
123
124        <provider
124-->[androidx.work:work-runtime:2.7.1] AndroidManifest.xml:31:9-39:20
125            android:name="androidx.startup.InitializationProvider"
125-->[androidx.work:work-runtime:2.7.1] AndroidManifest.xml:32:13-67
126            android:authorities="com.luis54467hh.mototaxis.androidx-startup"
126-->[androidx.work:work-runtime:2.7.1] AndroidManifest.xml:33:13-68
127            android:exported="false" >
127-->[androidx.work:work-runtime:2.7.1] AndroidManifest.xml:34:13-37
128            <meta-data
128-->[androidx.work:work-runtime:2.7.1] AndroidManifest.xml:36:13-38:52
129                android:name="androidx.work.WorkManagerInitializer"
129-->[androidx.work:work-runtime:2.7.1] AndroidManifest.xml:37:17-68
130                android:value="androidx.startup" />
130-->[androidx.work:work-runtime:2.7.1] AndroidManifest.xml:38:17-49
131            <meta-data
131-->[androidx.emoji2:emoji2:1.3.0] AndroidManifest.xml:29:13-31:52
132                android:name="androidx.emoji2.text.EmojiCompatInitializer"
132-->[androidx.emoji2:emoji2:1.3.0] AndroidManifest.xml:30:17-75
133                android:value="androidx.startup" />
133-->[androidx.emoji2:emoji2:1.3.0] AndroidManifest.xml:31:17-49
134            <meta-data
134-->[androidx.lifecycle:lifecycle-process:2.6.2] AndroidManifest.xml:29:13-31:52
135                android:name="androidx.lifecycle.ProcessLifecycleInitializer"
135-->[androidx.lifecycle:lifecycle-process:2.6.2] AndroidManifest.xml:30:17-78
136                android:value="androidx.startup" />
136-->[androidx.lifecycle:lifecycle-process:2.6.2] AndroidManifest.xml:31:17-49
137            <meta-data
137-->[androidx.profileinstaller:profileinstaller:1.3.1] AndroidManifest.xml:29:13-31:52
138                android:name="androidx.profileinstaller.ProfileInstallerInitializer"
138-->[androidx.profileinstaller:profileinstaller:1.3.1] AndroidManifest.xml:30:17-85
139                android:value="androidx.startup" />
139-->[androidx.profileinstaller:profileinstaller:1.3.1] AndroidManifest.xml:31:17-49
140        </provider>
141
142        <service
142-->[androidx.work:work-runtime:2.7.1] AndroidManifest.xml:41:9-46:35
143            android:name="androidx.work.impl.background.systemalarm.SystemAlarmService"
143-->[androidx.work:work-runtime:2.7.1] AndroidManifest.xml:42:13-88
144            android:directBootAware="false"
144-->[androidx.work:work-runtime:2.7.1] AndroidManifest.xml:43:13-44
145            android:enabled="@bool/enable_system_alarm_service_default"
145-->[androidx.work:work-runtime:2.7.1] AndroidManifest.xml:44:13-72
146            android:exported="false" />
146-->[androidx.work:work-runtime:2.7.1] AndroidManifest.xml:45:13-37
147        <service
147-->[androidx.work:work-runtime:2.7.1] AndroidManifest.xml:47:9-53:35
148            android:name="androidx.work.impl.background.systemjob.SystemJobService"
148-->[androidx.work:work-runtime:2.7.1] AndroidManifest.xml:48:13-84
149            android:directBootAware="false"
149-->[androidx.work:work-runtime:2.7.1] AndroidManifest.xml:49:13-44
150            android:enabled="@bool/enable_system_job_service_default"
150-->[androidx.work:work-runtime:2.7.1] AndroidManifest.xml:50:13-70
151            android:exported="true"
151-->[androidx.work:work-runtime:2.7.1] AndroidManifest.xml:51:13-36
152            android:permission="android.permission.BIND_JOB_SERVICE" />
152-->[androidx.work:work-runtime:2.7.1] AndroidManifest.xml:52:13-69
153        <service
153-->[androidx.work:work-runtime:2.7.1] AndroidManifest.xml:54:9-59:35
154            android:name="androidx.work.impl.foreground.SystemForegroundService"
154-->[androidx.work:work-runtime:2.7.1] AndroidManifest.xml:55:13-81
155            android:directBootAware="false"
155-->[androidx.work:work-runtime:2.7.1] AndroidManifest.xml:56:13-44
156            android:enabled="@bool/enable_system_foreground_service_default"
156-->[androidx.work:work-runtime:2.7.1] AndroidManifest.xml:57:13-77
157            android:exported="false" />
157-->[androidx.work:work-runtime:2.7.1] AndroidManifest.xml:58:13-37
158
159        <receiver
159-->[androidx.work:work-runtime:2.7.1] AndroidManifest.xml:61:9-66:35
160            android:name="androidx.work.impl.utils.ForceStopRunnable$BroadcastReceiver"
160-->[androidx.work:work-runtime:2.7.1] AndroidManifest.xml:62:13-88
161            android:directBootAware="false"
161-->[androidx.work:work-runtime:2.7.1] AndroidManifest.xml:63:13-44
162            android:enabled="true"
162-->[androidx.work:work-runtime:2.7.1] AndroidManifest.xml:64:13-35
163            android:exported="false" />
163-->[androidx.work:work-runtime:2.7.1] AndroidManifest.xml:65:13-37
164        <receiver
164-->[androidx.work:work-runtime:2.7.1] AndroidManifest.xml:67:9-77:20
165            android:name="androidx.work.impl.background.systemalarm.ConstraintProxy$BatteryChargingProxy"
165-->[androidx.work:work-runtime:2.7.1] AndroidManifest.xml:68:13-106
166            android:directBootAware="false"
166-->[androidx.work:work-runtime:2.7.1] AndroidManifest.xml:69:13-44
167            android:enabled="false"
167-->[androidx.work:work-runtime:2.7.1] AndroidManifest.xml:70:13-36
168            android:exported="false" >
168-->[androidx.work:work-runtime:2.7.1] AndroidManifest.xml:71:13-37
169            <intent-filter>
169-->[androidx.work:work-runtime:2.7.1] AndroidManifest.xml:73:13-76:29
170                <action android:name="android.intent.action.ACTION_POWER_CONNECTED" />
170-->[androidx.work:work-runtime:2.7.1] AndroidManifest.xml:74:17-87
170-->[androidx.work:work-runtime:2.7.1] AndroidManifest.xml:74:25-84
171                <action android:name="android.intent.action.ACTION_POWER_DISCONNECTED" />
171-->[androidx.work:work-runtime:2.7.1] AndroidManifest.xml:75:17-90
171-->[androidx.work:work-runtime:2.7.1] AndroidManifest.xml:75:25-87
172            </intent-filter>
173        </receiver>
174        <receiver
174-->[androidx.work:work-runtime:2.7.1] AndroidManifest.xml:78:9-88:20
175            android:name="androidx.work.impl.background.systemalarm.ConstraintProxy$BatteryNotLowProxy"
175-->[androidx.work:work-runtime:2.7.1] AndroidManifest.xml:79:13-104
176            android:directBootAware="false"
176-->[androidx.work:work-runtime:2.7.1] AndroidManifest.xml:80:13-44
177            android:enabled="false"
177-->[androidx.work:work-runtime:2.7.1] AndroidManifest.xml:81:13-36
178            android:exported="false" >
178-->[androidx.work:work-runtime:2.7.1] AndroidManifest.xml:82:13-37
179            <intent-filter>
179-->[androidx.work:work-runtime:2.7.1] AndroidManifest.xml:84:13-87:29
180                <action android:name="android.intent.action.BATTERY_OKAY" />
180-->[androidx.work:work-runtime:2.7.1] AndroidManifest.xml:85:17-77
180-->[androidx.work:work-runtime:2.7.1] AndroidManifest.xml:85:25-74
181                <action android:name="android.intent.action.BATTERY_LOW" />
181-->[androidx.work:work-runtime:2.7.1] AndroidManifest.xml:86:17-76
181-->[androidx.work:work-runtime:2.7.1] AndroidManifest.xml:86:25-73
182            </intent-filter>
183        </receiver>
184        <receiver
184-->[androidx.work:work-runtime:2.7.1] AndroidManifest.xml:89:9-99:20
185            android:name="androidx.work.impl.background.systemalarm.ConstraintProxy$StorageNotLowProxy"
185-->[androidx.work:work-runtime:2.7.1] AndroidManifest.xml:90:13-104
186            android:directBootAware="false"
186-->[androidx.work:work-runtime:2.7.1] AndroidManifest.xml:91:13-44
187            android:enabled="false"
187-->[androidx.work:work-runtime:2.7.1] AndroidManifest.xml:92:13-36
188            android:exported="false" >
188-->[androidx.work:work-runtime:2.7.1] AndroidManifest.xml:93:13-37
189            <intent-filter>
189-->[androidx.work:work-runtime:2.7.1] AndroidManifest.xml:95:13-98:29
190                <action android:name="android.intent.action.DEVICE_STORAGE_LOW" />
190-->[androidx.work:work-runtime:2.7.1] AndroidManifest.xml:96:17-83
190-->[androidx.work:work-runtime:2.7.1] AndroidManifest.xml:96:25-80
191                <action android:name="android.intent.action.DEVICE_STORAGE_OK" />
191-->[androidx.work:work-runtime:2.7.1] AndroidManifest.xml:97:17-82
191-->[androidx.work:work-runtime:2.7.1] AndroidManifest.xml:97:25-79
192            </intent-filter>
193        </receiver>
194        <receiver
194-->[androidx.work:work-runtime:2.7.1] AndroidManifest.xml:100:9-109:20
195            android:name="androidx.work.impl.background.systemalarm.ConstraintProxy$NetworkStateProxy"
195-->[androidx.work:work-runtime:2.7.1] AndroidManifest.xml:101:13-103
196            android:directBootAware="false"
196-->[androidx.work:work-runtime:2.7.1] AndroidManifest.xml:102:13-44
197            android:enabled="false"
197-->[androidx.work:work-runtime:2.7.1] AndroidManifest.xml:103:13-36
198            android:exported="false" >
198-->[androidx.work:work-runtime:2.7.1] AndroidManifest.xml:104:13-37
199            <intent-filter>
199-->[androidx.work:work-runtime:2.7.1] AndroidManifest.xml:106:13-108:29
200                <action android:name="android.net.conn.CONNECTIVITY_CHANGE" />
200-->[androidx.work:work-runtime:2.7.1] AndroidManifest.xml:107:17-79
200-->[androidx.work:work-runtime:2.7.1] AndroidManifest.xml:107:25-76
201            </intent-filter>
202        </receiver>
203        <receiver
203-->[androidx.work:work-runtime:2.7.1] AndroidManifest.xml:110:9-121:20
204            android:name="androidx.work.impl.background.systemalarm.RescheduleReceiver"
204-->[androidx.work:work-runtime:2.7.1] AndroidManifest.xml:111:13-88
205            android:directBootAware="false"
205-->[androidx.work:work-runtime:2.7.1] AndroidManifest.xml:112:13-44
206            android:enabled="false"
206-->[androidx.work:work-runtime:2.7.1] AndroidManifest.xml:113:13-36
207            android:exported="false" >
207-->[androidx.work:work-runtime:2.7.1] AndroidManifest.xml:114:13-37
208            <intent-filter>
208-->[androidx.work:work-runtime:2.7.1] AndroidManifest.xml:116:13-120:29
209                <action android:name="android.intent.action.BOOT_COMPLETED" />
209-->[androidx.work:work-runtime:2.7.1] AndroidManifest.xml:117:17-79
209-->[androidx.work:work-runtime:2.7.1] AndroidManifest.xml:117:25-76
210                <action android:name="android.intent.action.TIME_SET" />
210-->[androidx.work:work-runtime:2.7.1] AndroidManifest.xml:118:17-73
210-->[androidx.work:work-runtime:2.7.1] AndroidManifest.xml:118:25-70
211                <action android:name="android.intent.action.TIMEZONE_CHANGED" />
211-->[androidx.work:work-runtime:2.7.1] AndroidManifest.xml:119:17-81
211-->[androidx.work:work-runtime:2.7.1] AndroidManifest.xml:119:25-78
212            </intent-filter>
213        </receiver>
214        <receiver
214-->[androidx.work:work-runtime:2.7.1] AndroidManifest.xml:122:9-131:20
215            android:name="androidx.work.impl.background.systemalarm.ConstraintProxyUpdateReceiver"
215-->[androidx.work:work-runtime:2.7.1] AndroidManifest.xml:123:13-99
216            android:directBootAware="false"
216-->[androidx.work:work-runtime:2.7.1] AndroidManifest.xml:124:13-44
217            android:enabled="@bool/enable_system_alarm_service_default"
217-->[androidx.work:work-runtime:2.7.1] AndroidManifest.xml:125:13-72
218            android:exported="false" >
218-->[androidx.work:work-runtime:2.7.1] AndroidManifest.xml:126:13-37
219            <intent-filter>
219-->[androidx.work:work-runtime:2.7.1] AndroidManifest.xml:128:13-130:29
220                <action android:name="androidx.work.impl.background.systemalarm.UpdateProxies" />
220-->[androidx.work:work-runtime:2.7.1] AndroidManifest.xml:129:17-98
220-->[androidx.work:work-runtime:2.7.1] AndroidManifest.xml:129:25-95
221            </intent-filter>
222        </receiver>
223        <receiver
223-->[androidx.work:work-runtime:2.7.1] AndroidManifest.xml:132:9-142:20
224            android:name="androidx.work.impl.diagnostics.DiagnosticsReceiver"
224-->[androidx.work:work-runtime:2.7.1] AndroidManifest.xml:133:13-78
225            android:directBootAware="false"
225-->[androidx.work:work-runtime:2.7.1] AndroidManifest.xml:134:13-44
226            android:enabled="true"
226-->[androidx.work:work-runtime:2.7.1] AndroidManifest.xml:135:13-35
227            android:exported="true"
227-->[androidx.work:work-runtime:2.7.1] AndroidManifest.xml:136:13-36
228            android:permission="android.permission.DUMP" >
228-->[androidx.work:work-runtime:2.7.1] AndroidManifest.xml:137:13-57
229            <intent-filter>
229-->[androidx.work:work-runtime:2.7.1] AndroidManifest.xml:139:13-141:29
230                <action android:name="androidx.work.diagnostics.REQUEST_DIAGNOSTICS" />
230-->[androidx.work:work-runtime:2.7.1] AndroidManifest.xml:140:17-88
230-->[androidx.work:work-runtime:2.7.1] AndroidManifest.xml:140:25-85
231            </intent-filter>
232        </receiver>
233        <receiver
233-->[androidx.profileinstaller:profileinstaller:1.3.1] AndroidManifest.xml:34:9-52:20
234            android:name="androidx.profileinstaller.ProfileInstallReceiver"
234-->[androidx.profileinstaller:profileinstaller:1.3.1] AndroidManifest.xml:35:13-76
235            android:directBootAware="false"
235-->[androidx.profileinstaller:profileinstaller:1.3.1] AndroidManifest.xml:36:13-44
236            android:enabled="true"
236-->[androidx.profileinstaller:profileinstaller:1.3.1] AndroidManifest.xml:37:13-35
237            android:exported="true"
237-->[androidx.profileinstaller:profileinstaller:1.3.1] AndroidManifest.xml:38:13-36
238            android:permission="android.permission.DUMP" >
238-->[androidx.profileinstaller:profileinstaller:1.3.1] AndroidManifest.xml:39:13-57
239            <intent-filter>
239-->[androidx.profileinstaller:profileinstaller:1.3.1] AndroidManifest.xml:40:13-42:29
240                <action android:name="androidx.profileinstaller.action.INSTALL_PROFILE" />
240-->[androidx.profileinstaller:profileinstaller:1.3.1] AndroidManifest.xml:41:17-91
240-->[androidx.profileinstaller:profileinstaller:1.3.1] AndroidManifest.xml:41:25-88
241            </intent-filter>
242            <intent-filter>
242-->[androidx.profileinstaller:profileinstaller:1.3.1] AndroidManifest.xml:43:13-45:29
243                <action android:name="androidx.profileinstaller.action.SKIP_FILE" />
243-->[androidx.profileinstaller:profileinstaller:1.3.1] AndroidManifest.xml:44:17-85
243-->[androidx.profileinstaller:profileinstaller:1.3.1] AndroidManifest.xml:44:25-82
244            </intent-filter>
245            <intent-filter>
245-->[androidx.profileinstaller:profileinstaller:1.3.1] AndroidManifest.xml:46:13-48:29
246                <action android:name="androidx.profileinstaller.action.SAVE_PROFILE" />
246-->[androidx.profileinstaller:profileinstaller:1.3.1] AndroidManifest.xml:47:17-88
246-->[androidx.profileinstaller:profileinstaller:1.3.1] AndroidManifest.xml:47:25-85
247            </intent-filter>
248            <intent-filter>
248-->[androidx.profileinstaller:profileinstaller:1.3.1] AndroidManifest.xml:49:13-51:29
249                <action android:name="androidx.profileinstaller.action.BENCHMARK_OPERATION" />
249-->[androidx.profileinstaller:profileinstaller:1.3.1] AndroidManifest.xml:50:17-95
249-->[androidx.profileinstaller:profileinstaller:1.3.1] AndroidManifest.xml:50:25-92
250            </intent-filter>
251        </receiver>
252
253        <service
253-->[androidx.room:room-runtime:2.2.5] AndroidManifest.xml:25:9-28:40
254            android:name="androidx.room.MultiInstanceInvalidationService"
254-->[androidx.room:room-runtime:2.2.5] AndroidManifest.xml:26:13-74
255            android:directBootAware="true"
255-->[androidx.room:room-runtime:2.2.5] AndroidManifest.xml:27:13-43
256            android:exported="false" />
256-->[androidx.room:room-runtime:2.2.5] AndroidManifest.xml:28:13-37
257    </application>
258
259</manifest>